
 Ansys Mechanical Enterprise Academic Student      


 *------------------------------------------------------------------*
 |                                                                  |
 |   W E L C O M E   T O   T H E   A N S Y S (R)  P R O G R A M     |
 |                                                                  |
 *------------------------------------------------------------------*




 ***************************************************************
 *         ANSYS MAPDL 2025 R1          LEGAL NOTICES          *
 ***************************************************************
 *                                                             *
 * Copyright 1971-2025 Ansys, Inc.  All rights reserved.       *
 * Unauthorized use, distribution or duplication is            *
 * prohibited.                                                 *
 *                                                             *
 * Ansys is a registered trademark of Ansys, Inc. or its       *
 * subsidiaries in the United States or other countries.       *
 * See the Ansys, Inc. online documentation or the Ansys, Inc. *
 * documentation CD or online help for the complete Legal      *
 * Notice.                                                     *
 *                                                             *
 ***************************************************************
 *                                                             *
 * THIS ANSYS SOFTWARE PRODUCT AND PROGRAM DOCUMENTATION       *
 * INCLUDE TRADE SECRETS AND CONFIDENTIAL AND PROPRIETARY      *
 * PRODUCTS OF ANSYS, INC., ITS SUBSIDIARIES, OR LICENSORS.    *
 * The software products and documentation are furnished by    *
 * Ansys, Inc. or its subsidiaries under a software license    *
 * agreement that contains provisions concerning               *
 * non-disclosure, copying, length and nature of use,          *
 * compliance with exporting laws, warranties, disclaimers,    *
 * limitations of liability, and remedies, and other           *
 * provisions.  The software products and documentation may be *
 * used, disclosed, transferred, or copied only in accordance  *
 * with the terms and conditions of that software license      *
 * agreement.                                                  *
 *                                                             *
 * Ansys, Inc. is a UL registered                              *
 * ISO 9001:2015 company.                                      *
 *                                                             *
 ***************************************************************
 *                                                             *
 * This product is subject to U.S. laws governing export and   *
 * re-export.                                                  *
 *                                                             *
 * For U.S. Government users, except as specifically granted   *
 * by the Ansys, Inc. software license agreement, the use,     *
 * duplication, or disclosure by the United States Government  *
 * is subject to restrictions stated in the Ansys, Inc.        *
 * software license agreement and FAR 12.212 (for non-DOD      *
 * licenses).                                                  *
 *                                                             *
 ***************************************************************

 2025 R1 
     
 Point Releases and Patches installed:   
     
 Ansys Service Pack 2025 R1.32   
 Discovery (full install) 2025 R1.32 
 Core WB Files 2025 R1.32
 Ansys Dynamic Reporting 2025 R1.32  
 CFX (includes CFD-Post) 2025 R1.32  
 Chemkin 2025 R1.32  
 EnSight 2025 R1.32  
 FENSAP-ICE 2025 R1.32   
 Fluent (includes CFD-Post) 2025 R1.32   
 Polyflow (includes CFD-Post) 2025 R1.32 
 Forte (includes EnSight) 2025 R1.32 
 Rocky 2025 R1.32
 TurboGrid 2025 R1.32
 ACIS Geometry Interface 2025 R1.32  
 AutoCAD Geometry Interface 2025 R1.32   
 Catia, Version 4 Geometry Interface 2025 R1.32  
 Catia, Version 5 Geometry Interface 2025 R1.32  
 Catia, Version 6 Geometry Interface 2025 R1.32  
 Creo Elements/Direct Modeling Geometry Interface 2025 R1.32 
 Creo Parametric Geometry Interface 2025 R1.32   
 Inventor Geometry Interface 2025 R1.32  
 JTOpen Geometry Interface 2025 R1.32
 NX Geometry Interface 2025 R1.32
 Parasolid Geometry Interface  2025 R1.32
 Solid Edge Geometry Interface 2025 R1.32
 SOLIDWORKS Geometry Interface 2025 R1.32
 Speos 2025 R1.32
 SpaceClaim 2025 R1.32   
 Speos RPC 2025 R1.32
 Aqwa 2025 R1.32 
 Autodyn 2025 R1.32  
 Material Calibration App 2025 R1.32 
 Mechanical Products 2025 R1.32  
 Motion 2025 R1.32   
 Academic Student 2025 R1.32 


          *****  MAPDL COMMAND LINE ARGUMENTS  *****
  BATCH MODE REQUESTED (-b)    = NOLIST
  INPUT FILE COPY MODE (-c)    = COPY
  DISTRIBUTED MEMORY PARALLEL REQUESTED
       4 PARALLEL PROCESSES REQUESTED WITH SINGLE THREAD PER PROCESS
    TOTAL OF     4 CORES REQUESTED
  INPUT FILE NAME              = D:\Abhishek\_ProjectScratch\Scr2B78\dummy.dat
  OUTPUT FILE NAME             = D:\Abhishek\_ProjectScratch\Scr2B78\solve.out
  START-UP FILE MODE           = NOREAD
  STOP FILE MODE               = NOREAD

 RELEASE= 2025 R1              BUILD= 25.1      UP20241202   VERSION=WINDOWS x64 
 CURRENT JOBNAME=file0  15:59:04  MAY 01, 2025 CP=      0.094


 PARAMETER _DS_PROGRESS =     999.0000000    

 /INPUT FILE= ds.dat  LINE=       0



 *** NOTE ***                            CP =       0.406   TIME= 15:59:04
 The /CONFIG,NOELDB command is not valid in a distributed memory         
 parallel solution.  Command is ignored.                                 

 *GET  _WALLSTRT  FROM  ACTI  ITEM=TIME WALL  VALUE=  15.9844444    


 USE DOUBLE PRECISION RESULTS FILE FORMAT

 TITLE= 
 Canti-1--Static Structural (A5)                                               

  ACT Extensions:
      LSDYNA, 2025.1
      5f463412-bd3e-484b-87e7-cbc0a665e474, wbex
 /COM,     ANSYSMotion, 2025.1
      20180725-3f81-49eb-9f31-41364844c769, wbex
  

 SET PARAMETER DIMENSIONS ON  _WB_PROJECTSCRATCH_DIR
  TYPE=STRI  DIMENSIONS=      248        1        1

 PARAMETER _WB_PROJECTSCRATCH_DIR(1) = D:\Abhishek\_ProjectScratch\Scr2B78\

 SET PARAMETER DIMENSIONS ON  _WB_SOLVERFILES_DIR
  TYPE=STRI  DIMENSIONS=      248        1        1

 PARAMETER _WB_SOLVERFILES_DIR(1) = D:\Abhishek\Canti-1_files\dp0\SYS\MECH\

 SET PARAMETER DIMENSIONS ON  _WB_USERFILES_DIR
  TYPE=STRI  DIMENSIONS=      248        1        1

 PARAMETER _WB_USERFILES_DIR(1) = D:\Abhishek\Canti-1_files\user_files\
 --- Data in consistent NMM units. See Solving Units in the help system for more

 MPA UNITS SPECIFIED FOR INTERNAL    
  LENGTH      = MILLIMETERS (mm)
  MASS        = TONNE (Mg)
  TIME        = SECONDS (sec)
  TEMPERATURE = CELSIUS (C)
  TOFFSET     = 273.0
  FORCE       = NEWTON (N)
  HEAT        = MILLIJOULES (mJ)

 INPUT  UNITS ARE ALSO SET TO MPA 

 *** MAPDL - ENGINEERING ANALYSIS SYSTEM  RELEASE 2025 R1          25.1     ***
 Ansys Mechanical Enterprise Academic Student      
 01055371  VERSION=WINDOWS x64   15:59:04  MAY 01, 2025 CP=      0.453

 Canti-1--Static Structural (A5)                                               



          ***** MAPDL ANALYSIS DEFINITION (PREP7) *****
 *********** Nodes for the whole assembly ***********
 *********** Elements for Body 1 'Solid' ***********
 *********** Send User Defined Coordinate System(s) ***********
 *********** Set Reference Temperature ***********
 *********** Send Materials ***********
 *********** Fixed Supports ***********
 *********** Create Direct FE , Forces ****


 ***** ROUTINE COMPLETED *****  CP =         0.703


 --- Number of total nodes = 15455
 --- Number of contact elements = 0
 --- Number of spring elements = 0
 --- Number of bearing elements = 0
 --- Number of solid elements = 2700
 --- Number of condensed parts = 0
 --- Number of total elements = 2700

 *GET  _WALLBSOL  FROM  ACTI  ITEM=TIME WALL  VALUE=  15.9844444    
 ****************************************************************************
 *************************    SOLUTION       ********************************
 ****************************************************************************

 *****  MAPDL SOLUTION ROUTINE  *****


 PERFORM A STATIC ANALYSIS
  THIS WILL BE A NEW ANALYSIS

 PARAMETER _THICKRATIO =     0.000000000    

 USE SPARSE MATRIX DIRECT SOLVER

 CONTACT INFORMATION PRINTOUT LEVEL       1

 NLDIAG: Nonlinear diagnostics CONT option is set to ON. 
         Writing frequency : each ITERATION.

 DO NOT SAVE ANY RESTART FILES AT ALL
 ****************************************************
 ******************* SOLVE FOR LS 1 OF 1 ****************
 **** Set Direct FE , Forces ****

 SPECIFIED NODAL LOAD FX   FOR PICKED NODES 
  REAL=  0.00000000       IMAG=  0.00000000    

 SPECIFIED NODAL LOAD FY   FOR PICKED NODES 
  REAL= -333333.333       IMAG=  0.00000000    

 SPECIFIED NODAL LOAD FZ   FOR PICKED NODES 
  REAL=  0.00000000       IMAG=  0.00000000    

 PRINTOUT RESUMED BY /GOP

 USE       1 SUBSTEPS INITIALLY THIS LOAD STEP FOR ALL  DEGREES OF FREEDOM
 FOR AUTOMATIC TIME STEPPING:
   USE      1 SUBSTEPS AS A MAXIMUM
   USE      1 SUBSTEPS AS A MINIMUM

 TIME=  1.0000    

 ERASE THE CURRENT DATABASE OUTPUT CONTROL TABLE.


 WRITE ALL  ITEMS TO THE DATABASE WITH A FREQUENCY OF NONE
   FOR ALL APPLICABLE ENTITIES

 WRITE NSOL ITEMS TO THE DATABASE WITH A FREQUENCY OF ALL 
   FOR ALL APPLICABLE ENTITIES

 WRITE RSOL ITEMS TO THE DATABASE WITH A FREQUENCY OF ALL 
   FOR ALL APPLICABLE ENTITIES

 WRITE EANG ITEMS TO THE DATABASE WITH A FREQUENCY OF ALL 
   FOR ALL APPLICABLE ENTITIES

 WRITE ETMP ITEMS TO THE DATABASE WITH A FREQUENCY OF ALL 
   FOR ALL APPLICABLE ENTITIES

 WRITE VENG ITEMS TO THE DATABASE WITH A FREQUENCY OF ALL 
   FOR ALL APPLICABLE ENTITIES

 WRITE NLOA ITEMS TO THE DATABASE WITH A FREQUENCY OF ALL 
   FOR ALL APPLICABLE ENTITIES

 WRITE STRS ITEMS TO THE DATABASE WITH A FREQUENCY OF ALL 
   FOR ALL APPLICABLE ENTITIES

 WRITE BKST ITEMS TO THE DATABASE WITH A FREQUENCY OF ALL 
   FOR ALL APPLICABLE ENTITIES

 WRITE EPEL ITEMS TO THE DATABASE WITH A FREQUENCY OF ALL 
   FOR ALL APPLICABLE ENTITIES

 WRITE EPPL ITEMS TO THE DATABASE WITH A FREQUENCY OF ALL 
   FOR ALL APPLICABLE ENTITIES

 WRITE CONT ITEMS TO THE DATABASE WITH A FREQUENCY OF ALL 
   FOR ALL APPLICABLE ENTITIES

 ALL CURRENT MAPDL DATA WRITTEN TO FILE NAME= file_Static24.db
  FOR POSSIBLE RESUME FROM THIS POINT

 *GET  ANSINTER_  FROM  ACTI  ITEM=INT        VALUE=  0.00000000    

 *IF  ANSINTER_  ( =   0.00000     )  NE  
      0  ( =   0.00000     )  THEN    

 *ENDIF

 *** NOTE ***                            CP =       1.125   TIME= 15:59:04
 The automatic domain decomposition logic has selected the MESH domain   
 decomposition method with 4 processes per solution.                     

 *****  MAPDL SOLVE    COMMAND  *****

 *** WARNING ***                         CP =       1.312   TIME= 15:59:04
 Element shape checking is currently inactive.  Issue SHPP,ON or         
 SHPP,WARN to reactivate, if desired.                                    

 *** NOTE ***                            CP =       1.375   TIME= 15:59:04
 The model data was checked and warning messages were found.             
  Please review output or errors file (                                  
 D:\Abhishek\_ProjectScratch\Scr2B78\file0.err ) for these warning       
 messages.                                                               

 *** SELECTION OF ELEMENT TECHNOLOGIES FOR APPLICABLE ELEMENTS ***
      --- GIVE SUGGESTIONS AND RESET THE KEY OPTIONS ---

 ELEMENT TYPE         1 IS SOLID186. KEYOPT(2)=0 IS SUGGESTED AND HAS BEEN RESET.
  KEYOPT(1-12)=    0    0    0    0    0    0    0    0    0    0    0    0



 *** MAPDL - ENGINEERING ANALYSIS SYSTEM  RELEASE 2025 R1          25.1     ***
 Ansys Mechanical Enterprise Academic Student      
 01055371  VERSION=WINDOWS x64   15:59:04  MAY 01, 2025 CP=      1.375

 Canti-1--Static Structural (A5)                                               



                       S O L U T I O N   O P T I O N S

   PROBLEM DIMENSIONALITY. . . . . . . . . . . . .3-D                  
   DEGREES OF FREEDOM. . . . . . UX   UY   UZ  
   ANALYSIS TYPE . . . . . . . . . . . . . . . . .STATIC (STEADY-STATE)
   OFFSET TEMPERATURE FROM ABSOLUTE ZERO . . . . .  273.15    
   EQUATION SOLVER OPTION. . . . . . . . . . . . .SPARSE             
   GLOBALLY ASSEMBLED MATRIX . . . . . . . . . . .SYMMETRIC  

 *** NOTE ***                            CP =       1.375   TIME= 15:59:04
 The conditions for direct assembly have been met.  No .emat or .erot    
 files will be produced.                                                 

  
  
     D I S T R I B U T E D   D O M A I N   D E C O M P O S E R
  
  ...Number of elements: 2700
  ...Number of nodes:    15455
  ...Decompose to 4 CPU domains
  ...Element load balance ratio =     1.001


                      L O A D   S T E P   O P T I O N S

   LOAD STEP NUMBER. . . . . . . . . . . . . . . .     1
   TIME AT END OF THE LOAD STEP. . . . . . . . . .  1.0000    
   NUMBER OF SUBSTEPS. . . . . . . . . . . . . . .     1
   STEP CHANGE BOUNDARY CONDITIONS . . . . . . . .    NO
   PRINT OUTPUT CONTROLS . . . . . . . . . . . . .NO PRINTOUT
   DATABASE OUTPUT CONTROLS
      ITEM     FREQUENCY   COMPONENT
       ALL       NONE               
      NSOL        ALL               
      RSOL        ALL               
      EANG        ALL               
      ETMP        ALL               
      VENG        ALL               
      NLOA        ALL               
      STRS        ALL               
      BKST        ALL               
      EPEL        ALL               
      EPPL        ALL               
      CONT        ALL               


 SOLUTION MONITORING INFO IS WRITTEN TO FILE= file.mntr                                                                                                                                                                                                                                                           



                         ***********  PRECISE MASS SUMMARY  ***********

   TOTAL RIGID BODY MASS MATRIX ABOUT ORIGIN
               Translational mass               |   Coupled translational/rotational mass
        0.42390E-01    0.0000        0.0000     |     0.0000       0.21195       -12.717    
         0.0000       0.42390E-01    0.0000     |   -0.21195        0.0000        19.076    
         0.0000        0.0000       0.42390E-01 |     12.717       -19.076        0.0000    
     ------------------------------------------ | ------------------------------------------
                                                |         Rotational mass (inertia)
                                                |     5088.2       -5722.7       -95.378    
                                                |    -5722.7        11447.       -63.585    
                                                |    -95.378       -63.585        16532.    

   TOTAL MASS = 0.42390E-01
     The mass principal axes coincide with the global Cartesian axes

   CENTER OF MASS (X,Y,Z)=    450.00        300.00        5.0000    

   TOTAL INERTIA ABOUT CENTER OF MASS
         1272.1       0.63665E-10   0.39790E-12
        0.63665E-10    2861.7       0.27711E-12
        0.39790E-12   0.27711E-12    4133.0    
     The inertia principal axes coincide with the global Cartesian axes


  *** MASS SUMMARY BY ELEMENT TYPE ***

  TYPE      MASS
     1  0.423900E-01

 Range of element maximum matrix coefficients in global coordinates
 Maximum = 12877492.9 at element 597.                                    
 Minimum = 12877492.9 at element 1714.                                   

   *** ELEMENT MATRIX FORMULATION TIMES
     TYPE    NUMBER   ENAME      TOTAL CP  AVE CP

        1      2700  SOLID186      0.766   0.000284
 Time at end of element matrix formulation CP = 2.375.                   

 DISTRIBUTED SPARSE MATRIX DIRECT SOLVER.
  Number of equations =       45630,    Maximum wavefront =    243


  Memory allocated on only this MPI rank (rank     0)
  -------------------------------------------------------------------
  Equation solver memory allocated                     =    83.187 MB
  Equation solver memory required for in-core mode     =    79.896 MB
  Equation solver memory required for out-of-core mode =    38.914 MB
  Total (solver and non-solver) memory allocated       =   536.105 MB


  Total memory summed across all MPI ranks on this machines
  -------------------------------------------------------------------
  Equation solver memory allocated                     =   325.482 MB
  Equation solver memory required for in-core mode     =   312.490 MB
  Equation solver memory required for out-of-core mode =   149.249 MB
  Total (solver and non-solver) memory allocated       =  1235.424 MB

 *** NOTE ***                            CP =       2.594   TIME= 15:59:05
 The Distributed Sparse Matrix Solver is currently running in the        
 in-core memory mode.  This memory mode uses the most amount of memory   
 in order to avoid using the hard drive as much as possible, which most  
 often results in the fastest solution time.  This mode is recommended   
 if enough physical memory is present to accommodate all of the solver   
 data.                                                                   
 curEqn=  11505  totEqn=  11505 Job CP sec=      2.984
      Factor Done= 100% Factor Wall sec=      0.274 rate=      11.9 GFlops
 Distributed sparse solver maximum pivot= 28973022.5 at node 610 UZ.     
 Distributed sparse solver minimum pivot= 318.68021 at node 682 UZ.      
 Distributed sparse solver minimum pivot in absolute value= 318.68021 at 
 node 682 UZ.                                                            

   *** ELEMENT RESULT CALCULATION TIMES
     TYPE    NUMBER   ENAME      TOTAL CP  AVE CP

        1      2700  SOLID186      0.250   0.000093

   *** NODAL LOAD CALCULATION TIMES
     TYPE    NUMBER   ENAME      TOTAL CP  AVE CP

        1      2700  SOLID186      0.031   0.000012
 *** LOAD STEP     1   SUBSTEP     1  COMPLETED.    CUM ITER =      1
 *** TIME =   1.00000         TIME INC =   1.00000      NEW TRIANG MATRIX


 *** MAPDL BINARY FILE STATISTICS
  BUFFER SIZE USED= 16384
        8.750 MB WRITTEN ON ASSEMBLED MATRIX FILE: file0.full
        1.875 MB WRITTEN ON RESULTS FILE: file0.rst
 *************** Write FE CONNECTORS *********

 WRITE OUT CONSTRAINT EQUATIONS TO FILE= file.ce                                                                                                                                                                                                                                                             
 ****************************************************
 *************** FINISHED SOLVE FOR LS 1 *************

 *GET  _WALLASOL  FROM  ACTI  ITEM=TIME WALL  VALUE=  15.9847222    

 PRINTOUT RESUMED BY /GOP

 FINISH SOLUTION PROCESSING


 ***** ROUTINE COMPLETED *****  CP =         3.234



 *** MAPDL - ENGINEERING ANALYSIS SYSTEM  RELEASE 2025 R1          25.1     ***
 Ansys Mechanical Enterprise Academic Student      
 01055371  VERSION=WINDOWS x64   15:59:05  MAY 01, 2025 CP=      3.234

 Canti-1--Static Structural (A5)                                               



          ***** MAPDL RESULTS INTERPRETATION (POST1) *****

 *** NOTE ***                            CP =       3.234   TIME= 15:59:05
 Reading results into the database (SET command) will update the current 
 displacement and force boundary conditions in the database with the     
 values from the results file for that load set.  Note that any          
 subsequent solutions will use these values unless action is taken to    
 either SAVE the current values or not overwrite them (/EXIT,NOSAVE).    

 Set Encoding of XML File to:ISO-8859-1

 Set Output of XML File to:
     PARM,     ,     ,     ,     ,     ,     ,     ,     ,     ,     ,     ,
         ,     ,     ,     ,     ,     ,     ,

 DATABASE WRITTEN ON FILE  parm.xml                                                                                                                                                                                                                                                            

 EXIT THE MAPDL POST1 DATABASE PROCESSOR


 ***** ROUTINE COMPLETED *****  CP =         3.234



 PRINTOUT RESUMED BY /GOP

 *GET  _WALLDONE  FROM  ACTI  ITEM=TIME WALL  VALUE=  15.9847222    

 PARAMETER _PREPTIME =     0.000000000    

 PARAMETER _SOLVTIME =     1.000000000    

 PARAMETER _POSTTIME =     0.000000000    

 PARAMETER _TOTALTIM =     1.000000000    

 *GET  _DLBRATIO  FROM  ACTI  ITEM=SOLU DLBR  VALUE=  1.00148148    

 *GET  _COMBTIME  FROM  ACTI  ITEM=SOLU COMB  VALUE= 0.448695000E-01

 *GET  _SSMODE   FROM  ACTI  ITEM=SOLU SSMM  VALUE=  2.00000000    

 *GET  _NDOFS    FROM  ACTI  ITEM=SOLU NDOF  VALUE=  45630.0000    
 --- Total number of nodes = 15455
 --- Total number of elements = 2700
 --- Element load balance ratio = 1.00148148
 --- Time to combine distributed files = 4.48695E-02
 --- Sparse memory mode = 2
 --- Number of DOF = 45630

 EXIT MAPDL WITHOUT SAVING DATABASE


 NUMBER OF WARNING MESSAGES ENCOUNTERED=          1
 NUMBER OF ERROR   MESSAGES ENCOUNTERED=          0

+--------------------- M A P D L   S T A T I S T I C S ------------------------+

Release: 2025 R1            Build: 25.1       Update: UP20241202   Platform: WINDOWS x64 
Date Run: 05/01/2025   Time: 15:59     Process ID: 7596
Operating System: Windows 11  (Build: 26100)

Processor Model: AMD Ryzen 5 5625U with Radeon Graphics

Compiler: Intel(R) Fortran Compiler Classic Version 2021.9  (Build: 20230302)
          Intel(R) C/C++ Compiler Classic Version 2021.9  (Build: 20230302)
          AOCL-BLAS 4.2.1 Build 20240528

Number of machines requested            :    1
Total number of cores available         :   12
Number of physical cores available      :    6
Number of processes requested           :    4
Number of threads per process requested :    1
Total number of cores requested         :    4 (Distributed Memory Parallel)               
MPI Type: INTELMPI
MPI Version: Intel(R) MPI Library 2021.13 for Windows* OS


GPU Acceleration: Not Requested

Job Name: file0
Input File: dummy.dat

  Core                Machine Name   Working Directory
 -----------------------------------------------------
     0                     Harshit   D:\Abhishek\_ProjectScratch\Scr2B78
     1                     Harshit   D:\Abhishek\_ProjectScratch\Scr2B78
     2                     Harshit   D:\Abhishek\_ProjectScratch\Scr2B78
     3                     Harshit   D:\Abhishek\_ProjectScratch\Scr2B78
 
Latency time from master to core     1 =    5.871 microseconds
Latency time from master to core     2 =    6.033 microseconds
Latency time from master to core     3 =    5.732 microseconds
 
Communication speed from master to core     1 =  5793.37 MB/sec
Communication speed from master to core     2 =  4748.54 MB/sec
Communication speed from master to core     3 =  6888.30 MB/sec

Total CPU time for main thread                    :        2.0 seconds
Total CPU time summed for all threads             :        3.5 seconds

Elapsed time spent obtaining a license            :        0.5 seconds
Elapsed time spent pre-processing model (/PREP7)  :        0.1 seconds
Elapsed time spent solution - preprocessing       :        0.1 seconds
Elapsed time spent computing solution             :        1.0 seconds
Elapsed time spent solution - postprocessing      :        0.0 seconds
Elapsed time spent post-processing model (/POST1) :        0.0 seconds
 
Equation solver used                              :            Sparse (symmetric)
Equation solver computational rate                :       46.2 Gflops
Equation solver effective I/O rate                :       14.4 GB/sec

Sum of disk space used on all processes           :       52.9 MB

Sum of memory used on all processes               :      424.0 MB
Sum of memory allocated on all processes          :     2880.0 MB
Physical memory available                         :          7 GB
Total amount of I/O written to disk               :        0.0 GB
Total amount of I/O read from disk                :        0.0 GB

+------------------ E N D   M A P D L   S T A T I S T I C S -------------------+


 *-----------------------------------------------------------------------------*
 |                                                                             |
 |                               RUN COMPLETED                                 |
 |                                                                             |
 |-----------------------------------------------------------------------------|
 |                                                                             |
 |  Ansys MAPDL 2025 R1         Build 25.1         UP20241202    WINDOWS x64   |
 |                                                                             |
 |-----------------------------------------------------------------------------|
 |                                                                             |
 |  Database Requested(-db)     1024 MB     Scratch Memory Requested   1024 MB |
 |  Max Database Used(Master)      8 MB     Max Scratch Used(Master)    108 MB |
 |  Max Database Used(Workers)     1 MB     Max Scratch Used(Workers)   103 MB |
 |  Sum Database Used(All)        11 MB     Sum Scratch Used(All)       413 MB |
 |                                                                             |
 |-----------------------------------------------------------------------------|
 |                                                                             |
 |        CP Time      (sec) =          3.469       Time  =  15:59:06          |
 |        Elapsed Time (sec) =          4.000       Date  =  05/01/2025        |
 |                                                                             |
 *-----------------------------------------------------------------------------*
