<SOLUTION>
<TOPOOPTDATA>
<HEADER>
	<COLUMN ID="    1">Iteration</COLUMN>
	<COLUMN ID="    2">Objective</COLUMN>
	<COLUMN ID="    3">Non-dimensional_Objective</COLUMN>
	<COLUMN ID="    4">OBJCC</COLUMN>
	<COLUMN ID="    5">Mass_Constraint_56_Upper</COLUMN>
	<COLUMN ID="    6">Mass_Constraint_56_Upper_Normalized</COLUMN>
	<COLUMN ID="    7">Mass_Constraint_56_Upper_Max</COLUMN>
<UNITS>MPA</UNITS>
</HEADER>
<COLDATA>
               0     9.03298e+07               1             ---       0.0245137         1.44572        0.016956
               1     1.51046e+08         1.67216        0.500187       0.0186027         1.09712        0.016956
               2     1.37266e+08          1.5196        0.122764        0.017318         1.02135        0.016956
               3     1.22023e+08         1.35086        0.126477       0.0169655         1.00056        0.016956
               4     1.07137e+08         1.18607        0.138947       0.0169391        0.999005        0.016956
               5     9.40365e+07         1.04104        0.139315        0.016939        0.998999        0.016956
               6     8.47853e+07        0.938619        0.109114        0.016939        0.998999        0.016956
               7      7.6933e+07         0.85169        0.102067        0.016939        0.998999        0.016956
               8     7.03054e+07        0.778319        0.094269        0.016939        0.998999        0.016956
               9     6.45156e+07        0.714223        0.089742        0.016939        0.998999        0.016956
              10     6.01899e+07        0.666335        0.071868        0.016939        0.998999        0.016956
              11     5.69791e+07         0.63079        0.056350        0.016939           0.999        0.016956
              12     5.45699e+07        0.604118        0.044149        0.016939           0.999        0.016956
              13     5.26495e+07        0.582858        0.036475        0.016939           0.999        0.016956
              14     5.10928e+07        0.565625        0.030467        0.016939           0.999        0.016956
              15     4.99009e+07         0.55243        0.023886        0.016939           0.999        0.016956
              16     4.89658e+07        0.542078        0.019097        0.016939           0.999        0.016956
              17     4.82569e+07         0.53423        0.014691        0.016939           0.999        0.016956
              18     4.76474e+07        0.527483        0.012791        0.016939           0.999        0.016956
              19     4.71332e+07         0.52179        0.010910        0.016939           0.999        0.016956
              20     4.68215e+07         0.51834        0.006656        0.016939           0.999        0.016956
              21     4.66549e+07        0.516495        0.003572        0.016939           0.999        0.016956
              22     4.65025e+07        0.514808        0.003276        0.016939           0.999        0.016956
              23     4.63487e+07        0.513106        0.003318        0.016939           0.999        0.016956
              24     4.61569e+07        0.510982        0.004156        0.016939           0.999        0.016956
              25     4.59709e+07        0.508923        0.004045        0.016939           0.999        0.016956
              26     4.58031e+07        0.507065        0.003664        0.016939           0.999        0.016956
              27     4.56036e+07        0.504857        0.004375        0.016939           0.999        0.016956
              28     4.53916e+07        0.502509        0.004671        0.016939           0.999        0.016956
              29      4.5269e+07        0.501153        0.002707        0.016939           0.999        0.016956
              30      4.5144e+07        0.499769        0.002769        0.016939           0.999        0.016956
              31     4.50443e+07        0.498665        0.002215        0.016939           0.999        0.016956
              32      4.5025e+07        0.498451        0.000429        0.016939           0.999        0.016956
              33     4.50161e+07        0.498353        0.000197        0.016939           0.999        0.016956
              34     4.50118e+07        0.498305        0.000096        0.016939           0.999        0.016956
              35     4.50118e+07        0.498305        0.000096        0.016939           0.999        0.016956
</COLDATA>
</TOPOOPTDATA>
</SOLUTION>
