"report-def-1-rfile"
"Time Step" "report-def-1 etc.."
("Time Step" "report-def-1" "flow-time")
0 0 0
1 313.7379976546217 1e-06
2 -12.8195721576633 3e-06
3 0.7698371203296827 7e-06
4 -0.02565231080649366 1.5e-05
5 -0.002268309913059596 3.099999999999999e-05
6 -0.002089187142925053 6.299999999999999e-05
7 -0.002047819871257794 0.000127
8 -0.002056781299359822 0.000255
9 -0.002074003377864786 0.000511
10 -0.002104898582077963 0.001023
11 -0.002157654795110875 0.002047
12 -0.002340595039083349 0.004095
13 -0.002500628373281133 0.008191
14 -0.002532798291598359 0.016383
15 -0.002317797097645902 0.032767
16 -0.002081499271208598 0.05310478857739521
17 -0.001725441258858096 0.07342907714156729
18 -0.001804527735926986 0.09374854851311845
19 -0.001456446215088336 0.1140657558888611
20 -0.001060534967076365 0.1343828434563938
21 -0.000774027147240397 0.1547013654706862
22 -0.0005959984550538699 0.1750220234616478
23 -0.0004112203399664338 0.1953450059763602
24 -0.0002482584834406776 0.2156702682824939
25 -0.0001922226607634636 0.2359976852056342
26 -0.0002289719325034856 0.2563270946256507
27 -0.0002182181512226933 0.2766583335839227
28 -0.000238993492644779 0.2969912475656652
29 -0.0002455386819211203 0.3173257001068755
30 -0.0001987903566094129 0.3376615679175115
31 -0.0001632255986947495 0.3579987489324726
32 -0.0001780714983306009 0.3783371553589104
33 -0.0001771764640036144 0.3986767124205619
34 -0.0001534223458236061 0.4190173532760161
35 -0.0001222539872931527 0.4393590169946136
36 -9.385861954802621e-05 0.4597016496579834
37 -8.14688472199343e-05 0.4800452009630607
38 -5.125106702508209e-05 0.5003896232605441
39 -4.051595556620047e-05 0.5207348716717578
40 -4.681967974473622e-05 0.5410809021801481
41 -4.177068821686891e-05 0.5614276715068016
42 -3.694549042565498e-05 0.5817751364781115
43 -2.844232264442859e-05 0.6021232539418526
44 -1.628243427609366e-05 0.622471981034862
45 -8.76974621188964e-06 0.6428212750638086
46 -5.243144235111963e-06 0.6631710928206207
47 -1.446623504008926e-05 0.6835213920790033
48 -1.376243437034574e-05 0.7038721308786355
49 -1.781195180283746e-05 0.7242232679532853
50 -3.690421970770075e-05 0.7445747624145379
51 -4.70281400328787e-05 0.7649265734450295
52 -5.509602477860032e-05 0.7852786607437068
53 -6.427032542011268e-05 0.8056309847021916
54 -7.301102264267723e-05 0.8259835064715522
55 -8.013530417994019e-05 0.8463361875133913
56 -8.676898700998859e-05 0.8666889897546968
57 -9.401086805116421e-05 0.8870418752337488
58 -0.0001021650516005446 0.9073948066859007
59 -0.0001053287355844423 0.9277477473452894
60 -0.0001137319262354275 0.9481006610360746
61 -7.885638755666946e-05 0.9684535125659255
62 -7.733615324001519e-05 0.9888062678392044
63 -8.596576460717653e-05 1.009158893451949
64 -9.538788844432045e-05 1.029511356089429
65 -0.0001030693261573346 1.049863622639075
66 -0.0001003457438505384 1.070215660548618
67 -0.0001090766931424181 1.090567437833023
68 -0.0001161967141534159 1.110918922706245
69 -0.0001123637239827113 1.131270083672201
70 -0.0001169834184716612 1.151620889798837
71 -0.0001210708103680513 1.171971310463704
72 -0.0001251264029671351 1.192321315266158
73 -0.0001327135621048692 1.212670874160651
74 -0.0001379645524888229 1.233019957388311
75 -0.0001422844894581887 1.253368535407603
76 -0.0001496776867198069 1.27371657907867
77 -0.0001586428859723377 1.29406405933936
78 -0.0001655295969195114 1.314410947330663
79 -0.0001728870942681038 1.33475721446932
80 -0.0001795837528817401 1.355102832129597
81 -0.0001847210706430458 1.375447771796734
82 -0.0001920460176972894 1.395792005036947
83 -0.0002003586481924557 1.416135503466008
84 -0.0002029768467077808 1.436478238669593
85 -0.0002084776856673409 1.456820182186592
86 -0.0002152424550092569 1.477161305337908
87 -0.0002222641532380054 1.497501579350511
88 -0.0002298348961162766 1.517840975285155
89 -0.0002359873153938707 1.538179464018324
90 -0.0002443165293990468 1.558517016254788
91 -0.0002522794450554589 1.578853602460328
92 -0.0002597101594014051 1.599189192773909
93 -0.0002671654451729122 1.619523757213338
94 -0.0002749605672098809 1.63985726563296
95 -0.0002831907344776896 1.660189687775703
96 -0.0002911122257831522 1.680520993382267
97 -0.0002996962527956892 1.700851152230717
98 -0.000307194656170573 1.721180134245906
99 -0.0003126192093652058 1.74150790978675
100 -0.0003207002669892711 1.761834449734163
101 -0.0003296003161605832 1.782159725665928
102 -0.0003377509552039415 1.802483710061831
103 -0.0003455508381161598 1.822806376613002
104 -0.0003534734383979776 1.843127700376485
105 -0.0003609371445432163 1.863447658137224
106 -0.0003711079245104498 1.88376622859954
107 -0.00037882740994577 1.904083392755534
108 -0.0003860998470349708 1.924399134141751
109 -0.0003936797591699293 1.94471343911591
110 -0.0004018533282377224 1.965026297126782
111 -0.0004104005574059322 1.985337700982077
112 -0.0004192323418878985 2.005647647052539
113 -0.0004268973082854899 2.025956135491328
114 -0.0004342289983190195 2.046263170446552
115 -0.0004419360591895183 2.066568760248688
116 -0.0004494305549568312 2.086872917533282
117 -0.0004568283844442744 2.107175659335067
118 -0.0004644563156539494 2.127477007016013
119 -0.0004721377057090859 2.147776986368546
120 -0.0004797689125100035 2.16807562749465
121 -0.0004871220494564454 2.188372964791869
122 -0.0004944596545862767 2.208669036811082
123 -0.0005018882446915507 2.228963885979977
124 -0.000510491937632862 2.249257558503646
125 -0.0005191370200303691 2.269550104053172
126 -0.0005266357157797108 2.28984157549344
127 -0.0005315047825357189 2.310132028528719
128 -0.0005335792655472016 2.330421521399543
129 -0.0005411442763411101 2.350710114544816
130 -0.0005492613654627387 2.370997870193126
131 -0.0005576777847547953 2.391284851944172
132 -0.0005659201100127742 2.411571124400864
133 -0.0005737340796833079 2.43185675272795
134 -0.0005815301926338501 2.452141802297602
135 -0.0005894366354430858 2.472426338230743
136 -0.0005970221104092399 2.492710425085261
137 -0.0006046825802377143 2.51299412653873
138 -0.0006124801718931927 2.533277504974681
139 -0.0006200379004105416 2.553560621195674
140 -0.0006279986939166093 2.573843534146153
141 -0.0006359355164444747 2.594126300618099
142 -0.0006437024450152151 2.614408975087781
143 -0.0006513803019688735 2.634691609443234
144 -0.0006594024997123027 2.654974252860114
145 -0.0006673647539371386 2.675256951623946
146 -0.0006749271230994669 2.695539749098427
147 -0.000682597705443766 2.715822685541337
148 -0.0006902582841337157 2.736105798154743
149 -0.0006984278468761262 2.756389121049674
150 -0.0007065962364131151 2.776672685242786
151 -0.0007143929533983684 2.796956518718108
152 -0.0007215900650738849 2.817240646424237
153 -0.0007288538776417663 2.837525090436869
154 -0.0007359298216456089 2.857809869965963
155 -0.0007429693325767817 2.878095001538947
156 -0.0007501259239865998 2.898380499119959
157 -0.0007569959147071259 2.918666374163855
158 -0.0007637598661172085 2.938949606171131
159 -0.0007704106912095332 2.959229134353022
160 -0.0007770585495924243 2.979504963690685
161 -0.0007836450654401528 2.999777099220739
162 -0.0007901692680956085 3.020045546026025
163 -0.0007967191278801522 3.040310309224601
164 -0.0008033815997470217 3.060571393963224
165 -0.0008099473125993129 3.08082880542531
166 -0.000816054236999264 3.101082550333374
167 -0.0008223910756488539 3.121332632856231
168 -0.0008287936324121725 3.141579056066032
169 -0.0008350334151465688 3.161821823969857
170 -0.0008411951359293957 3.182060941166371
171 -0.000847313557510776 3.202296412571488
172 -0.0008532894811130731 3.222528243267839
173 -0.0008590495291620481 3.242756438410879
174 -0.0008648735734968493 3.262981003231553
175 -0.0008705299374820452 3.283201942958679
176 -0.0008763118717594054 3.303419262818732
177 -0.0008820115165002473 3.323632968027843
178 -0.0008877058089400425 3.343843063792839
179 -0.0008934726174455454 3.364049555300359
180 -0.0008989473332315923 3.384252447746156
181 -0.0009043801108481464 3.404451746269694
182 -0.0009097112524011353 3.42464745597446
183 -0.0009148990655675204 3.444839581927336
184 -0.0009201769799305204 3.465028129169895
185 -0.0009251580723624864 3.485213102708784
186 -0.0009299882631839118 3.505394507538316
187 -0.0009345837278648128 3.525572348612708
188 -0.00093913346199892 3.545746630849249
189 -0.000943808867854834 3.565917359127541
190 -0.0009485187281644825 3.586084538303178
191 -0.0009531745707805905 3.606248173183474
192 -0.0009578076753898879 3.626408268545018
193 -0.0009623996663400414 3.646564829113772
194 -0.0009669204407460885 3.666717859564265
195 -0.0009712008143099027 3.686867364531969
196 -0.0009754097349060631 3.707013348625205
197 -0.0009795479659496786 3.727155816401542
198 -0.0009837069189773118 3.747294772364034
199 -0.0009878016345070684 3.767430220969828
200 -0.0009917717352929678 3.787562166625774
201 -0.0009957068335987307 3.807690613689997
202 -0.0009995727729731341 3.827815566452813
203 -0.001003348601610332 3.847937029152428
204 -0.001007041665134545 3.868055005990759
205 -0.001010658262710185 3.888169501079467
206 -0.001014144865486344 3.90828051846472
207 -0.00101750156348579 3.928388062142488
208 -0.001020413328403968 3.948492136039619
209 -0.00102328967628551 3.968592744022939
210 -0.001026060772270188 3.988689889870342
211 -0.001028725865459545 4.008783577267964
212 -0.001031259255121819 4.028873809805435
213 -0.001033934481964205 4.048960591044894
214 -0.001036541028106575 4.069043924466007
215 -0.001038766642816213 4.089123813451363
216 -0.001040740763067149 4.109200261234631
217 -0.00104254722294872 4.129273270941055
218 -0.001044173085688382 4.149342845595135
219 -0.001045479806411787 4.16940898810094
220 -0.001046544462648291 4.189471701206198
221 -0.001047733717106203 4.209530987582327
222 -0.001049088504823659 4.229586849764281
223 -0.001050086181242471 4.249639290155753
224 -0.001051433779656552 4.269688311016687
225 -0.001053133327800992 4.289733914511576
226 -0.001054930878186866 4.309776102603358
227 -0.001056557040921113 4.329814877095383
228 -0.001058036146238894 4.349850239662983
229 -0.001059054496135192 4.369882191813267
230 -0.00105969814528073 4.389910734981904
231 -0.00106033180794296 4.409935870491659
232 -0.001061264378649729 4.429957599567064
233 -0.001062202273710677 4.449975923369431
234 -0.001062777928900194 4.469990842980701
235 -0.00106313699289784 4.490002359488357
236 -0.001063424264580282 4.510010473949881
237 -0.001063515976596041 4.530015187460084
238 -0.001063451459031084 4.550016501208072
239 -0.00106334943139752 4.570014416536617
240 -0.001063145297195867 4.590008934936304
241 -0.001062833368983274 4.610000058227821
242 -0.001062403355773456 4.629987788572356
243 -0.00106185949904658 4.649972128534872
244 -0.001061111782386992 4.669953081185247
245 -0.001060286193791948 4.689930650160164
246 -0.001059394250462198 4.709904839836663
247 -0.001058391433004457 4.729875655340029
248 -0.001057256943403306 4.749843102643895
249 -0.001056000998820084 4.769807188765593
250 -0.001054589875534195 4.789767921845478
251 -0.001053064267631743 4.809725311284567
252 -0.001051394577436082 4.829679367869732
253 -0.001049599611710694 4.849630103882365
254 -0.001047690856399885 4.869577533232675
255 -0.00104566987307364 4.889521671589379
256 -0.001043556966904391 4.909462536494772
257 -0.001041267284938252 4.929400147486549
258 -0.00103878655952927 4.949334526198135
259 -0.001036341170583044 4.969265696514889
260 -0.001033764257725611 4.989193684671719
261 -0.001031060129307981 5.009118519356135
262 -0.001028233783120003 5.029040231796133
263 -0.001025337298963036 5.048958855832766
264 -0.001022321137366999 5.068874427995731
265 -0.001019258770974973 5.088786987555268
266 -0.001016131995528968 5.108696576574475
267 -0.001012872980589052 5.128603239931254
268 -0.001009597173457166 5.148507025333934
269 -0.001006246247534204 5.16840798332228
270 -0.001002815121210365 5.188306167243112
271 -0.0009992371262771416 5.208201633225366
272 -0.0009956362358245485 5.228094440123447
273 -0.0009919670667432046 5.247984649448635
274 -0.0009882328815318253 5.26787232526313
275 -0.0009844230815433397 5.287757534080933
276 -0.0009806171655746265 5.307640344752583
277 -0.0009767475356495803 5.327520828326699
278 -0.0009728307049589047 5.347399057885688
279 -0.0009687080417563054 5.367275108361892
280 -0.0009645651640206587 5.387149056358536
281 -0.0009604452142648601 5.407020979960427
282 -0.00095619207707065 5.426890958514823
283 -0.000951905340949688 5.446759072435477
284 -0.0009475553399771464 5.466625402968883
285 -0.0009432174588714926 5.486490031957961
286 -0.0009388554246513303 5.50635304160221
287 -0.0009346419666833583 5.526214514189988
288 -0.0009305304106419499 5.546074531855654
289 -0.000926350328232628 5.565933176314115
290 -0.0009220997066923253 5.585790528623878
291 -0.0009177416634456037 5.60564666891159
292 -0.0009133402439418514 5.625501676145274
293 -0.0009089779709708923 5.645355627873508
294 -0.0009046032496901057 5.665208600017647
295 -0.0009002745040669335 5.685060666656553
296 -0.0008959378811826957 5.704911899797415
297 -0.0008915851064612568 5.724762369165234
298 -0.0008872147253770057 5.74461214200272
299 -0.0008828509382784455 5.764461282888651
300 -0.0008785113736526906 5.784309853560556
301 -0.000874209180062091 5.804157912763129
302 -0.0008699003436566377 5.824005516095641
303 -0.0008655802971517801 5.843852715896115
304 -0.0008612828507370551 5.863699561131901
305 -0.0008569283411643536 5.883546097319292
306 -0.0008525412523748832 5.903392367186526
307 -0.0008481367103641002 5.923238415232968
308 -0.0008437428541478997 5.943084278215432
309 -0.0008393909239285957 5.96292998703086
310 -0.0008350895711586315 5.982775567840704
311 -0.0008308141837977123 6.002621042755941
312 -0.0008265679541424875 6.022466430235046
313 -0.0008223308300455701 6.042311745316662
314 -0.0008181277369143647 6.062156999768044
315 -0.0008139608422964573 6.082002202174385
316 -0.0008098174869627384 6.101847358013862
317 -0.0008057046519882594 6.121692469730626
318 -0.0008016383716157316 6.141537536811492
319 -0.0007976100173970879 6.161382555870571
320 -0.0007936108424740906 6.181227520744728
321 -0.000789601514899263 6.201072422614779
322 -0.0007856487301831638 6.220917250115706
323 -0.0007817636341200807 6.240761989487232
324 -0.0007778941486628055 6.260606624705694
325 -0.0007741262063005738 6.280451137643182
326 -0.0007703907331494397 6.300295508227051
327 -0.0007666948833700005 6.320139714615905
328 -0.0007630357573055191 6.33998373336368
329 -0.0007594243454188687 6.359827539583034
330 -0.0007558399887148681 6.379671107120394
331 -0.0007522677736343519 6.399514408720592
332 -0.0007487265842242019 6.419357416189675
333 -0.0007452124236626556 6.439200100561847
334 -0.0007417270062806125 6.45904243225542
335 -0.0007382887720220888 6.478884381233716
336 -0.0007348820064151385 6.49872591715123
337 -0.0007314963386007012 6.518567009490019
338 -0.0007281512207515384 6.53840762769693
339 -0.0007248616753620096 6.55824774130516
340 -0.0007216132766756367 6.578087320056858
341 -0.0007184011507209709 6.597926334009291
342 -0.0007152238835733682 6.617764753635348
343 -0.0007120869706662702 6.63760254992478
344 -0.0007089970230741427 6.65743969446272
345 -0.0007059434845678725 6.677276159515907
346 -0.0007029354717906777 6.697111918086901
347 -0.0006999617621786802 6.716946943980464
348 -0.0006970475091611084 6.736781211859793
349 -0.000694207912277145 6.756614697293352
350 -0.0006914144486876994 6.776447376789635
351 -0.0006886394389452599 6.796279227826206
352 -0.0006858824144252429 6.816110228873319
353 -0.0006831593103858724 6.835940359410563
354 -0.0006804971768747947 6.85576959995069
355 -0.0006778816243855346 6.875597932035512
356 -0.0006753074870693432 6.895425338241989
357 -0.0006727659165098876 6.915251802632442
358 -0.0006702371998524859 6.935077310249624
359 -0.0006677799875037804 6.95490184677997
360 -0.0006654557625681568 6.974725398692981
361 -0.0006631550438040978 6.99454795333661
362 -0.0006609049737706929 7.014369498987085
363 -0.0006586018978692598 7.034190024865726
364 -0.0006563613190522233 7.054009521133978
365 -0.0006541492160985207 7.073827978867032
366 -0.0006519866175230815 7.093645390032455
367 -0.0006498824932050784 7.113461747460593
368 -0.0006478105435007153 7.133277044806579
369 -0.0006457915779527479 7.153091276507394
370 -0.0006438201926308729 7.172904438183158
371 -0.0006418741003743067 7.192716526343683
372 -0.0006399840225992381 7.21252753786782
373 -0.0006381390120887565 7.232337470094349
374 -0.0006363364113007863 7.252146320847842
375 -0.0006345637481509625 7.271954088458838
376 -0.0006328449830449445 7.291760771764549
377 -0.0006311811474707385 7.311566370082278
378 -0.0006295393524866633 7.331370883197785
379 -0.0006279571674365769 7.351174311330995
380 -0.0006264195161471697 7.370976655121447
381 -0.000624924819549677 7.390777915590634
382 -0.0006234551160507751 7.410578094121112
383 -0.0006220443413937904 7.430377192435654
384 -0.0006206650245872414 7.450175212573415
385 -0.0006193271232630693 7.469972156866518
386 -0.000618045676733403 7.48976802791734
387 -0.0006168089208891114 7.509562828572826
388 -0.0006156141964038797 7.529356561910101
389 -0.0006144529825451439 7.549149231212325
390 -0.0006133427068258923 7.56894083994885
391 -0.0006122826957277727 7.588731391774802
392 -0.0006112638755787492 7.608520890503268
393 -0.0006102973783761456 7.628309340092682
394 -0.0006094260962278275 7.64809674463294
395 -0.0006085806130449178 7.667883108331651
396 -0.0006077246594861085 7.687668435503967
397 -0.000606885001100177 7.707452730561902
398 -0.0006060975763089171 7.727235998005963
399 -0.0006053532600276412 7.747018242410594
400 -0.0006046456847712545 7.766799468423543
401 -0.0006039769640144854 7.786579680751129
402 -0.0006033560681517613 7.806358884152616
403 -0.0006027776988775102 7.826137083438198
404 -0.0006022360263429061 7.845914283458945
405 -0.0006017468405292714 7.86569048909593
406 -0.0006012963073542821 7.88546570526988
407 -0.0006008658940674927 7.905239936926968
408 -0.0006004772601737596 7.92501318903287
409 -0.0006001288903341173 7.944785466574271
410 -0.0005998433151188642 7.964556774556669
411 -0.0005995924975302769 7.984327117997279
412 -0.0005993893177401732 8.004096501921628
413 -0.0005992394568093973 8.023864931368376
414 -0.0005991318296948434 8.043632411380807
415 -0.0005990479584164765 8.063398947004375
416 -0.0005990166155812604 8.083164543285376
417 -0.0005990282916368272 8.102929205269
418 -0.0005990769202435242 8.122692938001483
419 -0.0005991891288766871 8.142455746524291
420 -0.0005993395758302489 8.162217635869325
421 -0.0005995295194831662 8.181978611067942
422 -0.0005997506248803797 8.201738677139502
423 -0.0006000180759868634 8.221497839100174
424 -0.0006003226289074126 8.24125610194984
425 -0.0006006598430027266 8.261013470678209
426 -0.0006010384507412203 8.280769950267503
427 -0.0006014584100003662 8.300525545682151
428 -0.0006019016724899684 8.320280261875117
429 -0.0006023903805884023 8.340034103787486
430 -0.0006029097257009841 8.359787076340439
431 -0.0006034657399043297 8.379539184444523
432 -0.0006040623283664059 8.399290432994871
433 -0.0006046989190116037 8.419040826868198
434 -0.0006053683350688566 8.438790370927903
435 -0.0006060611602065613 8.458539070018437
436 -0.000606789789990958 8.478286928968517
437 -0.0006075544463065574 8.498033952586118
438 -0.0006083565183779838 8.517780145660707
439 -0.0006091934487632011 8.537525512962883
440 -0.0006100646123721187 8.557270059245907
441 -0.0006109694397313792 8.577013789243226
442 -0.0006119034380089872 8.596756707672018
443 -0.0006128710233025414 8.616498819229953
444 -0.0006138717922895554 8.636240128595334
445 -0.0006148992966796829 8.655980640430299
446 -0.0006159629210374939 8.675720359373388
447 -0.0006170503687884521 8.6954592900424
448 -0.0006181710631096848 8.71519743704032
449 -0.0006193240046920012 8.734934804947359
450 -0.0006205068760604115 8.754671398323413
451 -0.0006217157376328108 8.774407221712298
452 -0.0006229527973727889 8.794142279632227
453 -0.0006242211297641242 8.813876576578142
454 -0.0006255163832570299 8.833610117024826
455 -0.0006268315849873307 8.853342905424466
456 -0.0006281756922634774 8.873074946207288
457 -0.0006295517511957227 8.892806243785028
458 -0.0006309528526760033 8.912536802551434
459 -0.0006323819963283128 8.932266626873643
460 -0.0006338360074054084 8.951995721097221
461 -0.0006353209383183067 8.971724089545587
462 -0.0006368273813089909 8.991451736485601
463 -0.0006383633657317533 9.011178665784831
464 -0.0006399165487153136 9.030904881531555
465 -0.000641498465002277 9.05063038793881
466 -0.0006430980141866049 9.070355189274876
467 -0.0006447172810808421 9.090079289818348
468 -0.0006463609905623668 9.109802693835151
469 -0.0006480233065311314 9.129525405566589
470 -0.0006497115413026666 9.149247429216951
471 -0.0006514216422237595 9.168968768957292
472 -0.0006531471992226034 9.188689428921863
473 -0.0006548964381770661 9.208409413209957
474 -0.0006566663788488691 9.22812872588805
475 -0.0006584568947853864 9.247847370992581
476 -0.0006603939326699226 9.267565352532591
477 -0.0006624825584261584 9.287282674488161
478 -0.0006645981049495653 9.306999340813803
479 -0.0006667197545026093 9.326715355439594
480 -0.000668846478138807 9.346430722271448
481 -0.0006709719267944392 9.366145445191933
482 -0.0006730959648849622 9.385859528060644
483 -0.0006752243606084063 9.40557297471304
484 -0.0006773420487976578 9.425285788962761
485 -0.0006794594931025522 9.444997974603226
486 -0.0006815759072160699 9.464709535405593
487 -0.0006836884903962392 9.484420475119199
488 -0.0006858025252491906 9.504130797471044
489 -0.0006879133125020642 9.523840506167272
490 -0.0006900255610298167 9.543549604892558
491 -0.0006921387044038774 9.563258097311657
492 -0.0006942535212155487 9.582965987067903
493 -0.0006963698563988707 9.602673277782698
494 -0.0006984840565251726 9.62237997305628
495 -0.0007006022986244531 9.642086076466892
496 -0.0007027220734869832 9.661791591572598
497 -0.0007048438136231239 9.681496521909478
498 -0.0007069678875146757 9.701200870991689
499 -0.0007090617599644355 9.720904642312179
500 -0.0007109709877700654 9.74060783934498
