"report-def-0-rfile"
"Time Step" "report-def-0 etc.."
("Time Step" "report-def-0" "flow-time")
0 0 0
1 1132827.046748705 1e-06
2 -506.4609211969782 3e-06
3 1.912730207413085 7e-06
4 1.076981575506758 1.5e-05
5 1.085668517465726 3.099999999999999e-05
6 1.086216260999434 6.299999999999999e-05
7 1.088008435689347 0.000127
8 1.091277370257129 0.000255
9 1.097517487570094 0.000511
10 1.10944376456968 0.001023
11 1.132262282506697 0.002047
12 1.175071195413708 0.004095
13 1.24595873418124 0.008191
14 1.348276764193717 0.016383
15 1.465601257697478 0.032767
16 1.547345703239056 0.05310478857739521
17 1.585897156118097 0.07342907714156729
18 1.599973589423814 0.09374854851311845
19 1.594190642013082 0.1140657558888611
20 1.581641849845658 0.1343828434563938
21 1.562560332748417 0.1547013654706862
22 1.54101629989107 0.1750220234616478
23 1.515037043751813 0.1953450059763602
24 1.496730964904312 0.2156702682824939
25 1.478958792601387 0.2359976852056342
26 1.460477828481211 0.2563270946256507
27 1.44081880716259 0.2766583335839227
28 1.42058173439337 0.2969912475656652
29 1.399454707719783 0.3173257001068755
30 1.378596663119171 0.3376615679175115
31 1.358192085322609 0.3579987489324726
32 1.338375156538374 0.3783371553589104
33 1.319063611539439 0.3986767124205619
34 1.300226979267712 0.4190173532760161
35 1.281819763077319 0.4393590169946136
36 1.263716275826604 0.4597016496579834
37 1.246078810309553 0.4800452009630607
38 1.229348253489314 0.5003896232605441
39 1.213354968860479 0.5207348716717578
40 1.197941124589724 0.5410809021801481
41 1.18302875312422 0.5614276715068016
42 1.168744412624166 0.5817751364781115
43 1.154883140022733 0.6021232539418526
44 1.14155497200657 0.622471981034862
45 1.128698328713593 0.6428212750638086
46 1.116110062072782 0.6631710928206207
47 1.103956089818591 0.6835213920790033
48 1.092307541193404 0.7038721308786355
49 1.081137558864844 0.7242232679532853
50 1.070261426329485 0.7445747624145379
51 1.059646428707325 0.7649265734450295
52 1.049015553833442 0.7852786607437068
53 1.0389110373012 0.8056309847021916
54 1.029243559512492 0.8259835064715522
55 1.019933262605418 0.8463361875133913
56 1.010968560038632 0.8666889897546968
57 1.002384938116498 0.8870418752337488
58 0.99418655478065 0.9073948066859007
59 0.9864300868245978 0.9277477473452894
60 0.9790448239795317 0.9481006610360746
61 0.9721554954031776 0.9684535125659255
62 0.9658441100086088 0.9888062678392044
63 0.959812309255446 1.009158893451949
64 0.9540091695569612 1.029511356089429
65 0.9484811580470642 1.049863622639075
66 0.9431967488006534 1.070215660548618
67 0.9381206494535873 1.090567437833023
68 0.9332804503214526 1.110918922706245
69 0.9287409753606518 1.131270083672201
70 0.9244648855607134 1.151620889798837
71 0.9204013200695377 1.171971310463704
72 0.9165499668839266 1.192321315266158
73 0.9129000068033883 1.212670874160651
74 0.9094364523127855 1.233019957388311
75 0.9061723252111346 1.253368535407603
76 0.9031058117957639 1.27371657907867
77 0.900203892265721 1.29406405933936
78 0.8974584544467276 1.314410947330663
79 0.8948455185931636 1.33475721446932
80 0.8923712017836315 1.355102832129597
81 0.890020045115082 1.375447771796734
82 0.8877902299821114 1.395792005036947
83 0.8856922121741262 1.416135503466008
84 0.8836972231300732 1.436478238669593
85 0.8818069617956695 1.456820182186592
86 0.8800182356182131 1.477161305337908
87 0.8783216982309796 1.497501579350511
88 0.876710139319269 1.517840975285155
89 0.8751708370496121 1.538179464018324
90 0.8737036971212047 1.558517016254788
91 0.8723164919385318 1.578853602460328
92 0.8710049583362335 1.599189192773909
93 0.8697642386801703 1.619523757213338
94 0.8685888091264197 1.63985726563296
95 0.8674786144965475 1.660189687775703
96 0.8664284275080567 1.680520993382267
97 0.8654267995454047 1.700851152230717
98 0.8644736605259243 1.721180134245906
99 0.8635654290575296 1.74150790978675
100 0.8627029563080792 1.761834449734163
101 0.8618875294922982 1.782159725665928
102 0.861117779665528 1.802483710061831
103 0.8603888305366136 1.822806376613002
104 0.8596903591449684 1.843127700376485
105 0.859024584182528 1.863447658137224
106 0.8583903352429642 1.88376622859954
107 0.8577819450449241 1.904083392755534
108 0.8572008056314711 1.924399134141751
109 0.8566433385244671 1.94471343911591
110 0.8561080660118312 1.965026297126782
111 0.8555921602212621 1.985337700982077
112 0.8550976958125005 2.005647647052539
113 0.8546235839824752 2.025956135491328
114 0.8541688179810676 2.046263170446552
115 0.8537316083032784 2.066568760248688
116 0.8533091832521693 2.086872917533282
117 0.8529016679541286 2.107175659335067
118 0.8525030439403563 2.127477007016013
119 0.8521194420655298 2.147776986368546
120 0.8517487934601013 2.16807562749465
121 0.8513889484555085 2.188372964791869
122 0.8510342333213914 2.208669036811082
123 0.8506889657474147 2.228963885979977
124 0.8503551292053732 2.249257558503646
125 0.8500298696966025 2.269550104053172
126 0.849715728922204 2.28984157549344
127 0.8494111232309173 2.310132028528719
128 0.8491097612734233 2.330421521399543
129 0.8488151445462726 2.350710114544816
130 0.848525189048865 2.370997870193126
131 0.8482385236730459 2.391284851944172
132 0.847957139220891 2.411571124400864
133 0.8476812804315661 2.43185675272795
134 0.847406296477942 2.452141802297602
135 0.8471387901311058 2.472426338230743
136 0.8468762406407004 2.492710425085261
137 0.846617185247551 2.51299412653873
138 0.8463630928067911 2.533277504974681
139 0.8461120124895695 2.553560621195674
140 0.8458621225855558 2.573843534146153
141 0.8456150790086644 2.594126300618099
142 0.8453714577507572 2.614408975087781
143 0.8451309964951399 2.634691609443234
144 0.844892539357132 2.654974252860114
145 0.8446572835486398 2.675256951623946
146 0.8444283764182836 2.695539749098427
147 0.8441999400508206 2.715822685541337
148 0.8439725972222164 2.736105798154743
149 0.8437472300102664 2.756389121049674
150 0.8435242022847962 2.776672685242786
151 0.8433028514352728 2.796956518718108
152 0.8430831884124456 2.817240646424237
153 0.8428654758365891 2.837525090436869
154 0.8426486368059477 2.857809869965963
155 0.8424345796996443 2.878095001538947
156 0.8422238607241121 2.898380499119959
157 0.8420158053147035 2.918666374163855
158 0.8418089274198194 2.938949606171131
159 0.8416033258779105 2.959229134353022
160 0.841399663486346 2.979504963690685
161 0.8411976442571385 2.999777099220739
162 0.8409969998873404 3.020045546026025
163 0.8407976489568671 3.040310309224601
164 0.8406004323689613 3.060571393963224
165 0.8404049222933989 3.08082880542531
166 0.8402117770962569 3.101082550333374
167 0.840021522733909 3.121332632856231
168 0.8398345827204842 3.141579056066032
169 0.8396499654561634 3.161821823969857
170 0.8394675097737951 3.182060941166371
171 0.8392873970377253 3.202296412571488
172 0.8391094725037974 3.222528243267839
173 0.8389306721670707 3.242756438410879
174 0.8387533133402459 3.262981003231553
175 0.8385772317173381 3.283201942958679
176 0.838403294619413 3.303419262818732
177 0.8382318763501726 3.323632968027843
178 0.8380629725656262 3.343843063792839
179 0.8378962465345866 3.364049555300359
180 0.8377319720360022 3.384252447746156
181 0.8375701088326143 3.404451746269694
182 0.8374111233484929 3.42464745597446
183 0.8372546514761702 3.444839581927336
184 0.8370989491488662 3.465028129169895
185 0.8369459416449102 3.485213102708784
186 0.8367958755679913 3.505394507538316
187 0.8366488557492975 3.525572348612708
188 0.8365047848557358 3.545746630849249
189 0.8363623137054362 3.565917359127541
190 0.8362222268414308 3.586084538303178
191 0.8360854537721593 3.606248173183474
192 0.8359513517552353 3.626408268545018
193 0.8358199592297664 3.646564829113772
194 0.8356908334759945 3.666717859564265
195 0.8355637222827378 3.686867364531969
196 0.8354388072533453 3.707013348625205
197 0.8353159152674229 3.727155816401542
198 0.8351952841745299 3.747294772364034
199 0.8350772885244701 3.767430220969828
200 0.8349616988190636 3.787562166625774
201 0.8348478806512906 3.807690613689997
202 0.8347365567458624 3.827815566452813
203 0.8346286244250595 3.847937029152428
204 0.8345233208649688 3.868055005990759
205 0.8344202514562871 3.888169501079467
206 0.8343188477207517 3.90828051846472
207 0.834219524667814 3.928388062142488
208 0.8341225566600324 3.948492136039619
209 0.8340276919266029 3.968592744022939
210 0.8339346034807201 3.988689889870342
211 0.8338438641026898 4.008783577267964
212 0.8337550649558301 4.028873809805435
213 0.8336687759865056 4.048960591044894
214 0.8335841496725875 4.069043924466007
215 0.8335009580133788 4.089123813451363
216 0.8334189716757808 4.109200261234631
217 0.8333383303090247 4.129273270941055
218 0.8332584714984628 4.149342845595135
219 0.8331800260053792 4.16940898810094
220 0.8331031789434838 4.189471701206198
221 0.8330279291695549 4.209530987582327
222 0.8329540494763197 4.229586849764281
223 0.8328809003790506 4.249639290155753
224 0.8328084281827279 4.269688311016687
225 0.8327364409939618 4.289733914511576
226 0.8326639035801475 4.309776102603358
227 0.8325914353728263 4.329814877095383
228 0.8325192862379347 4.349850239662983
229 0.8324475121045954 4.369882191813267
230 0.8323764896922687 4.389910734981904
231 0.8323055629906263 4.409935870491659
232 0.832235206024673 4.429957599567064
233 0.8321648168197247 4.449975923369431
234 0.8320936023050349 4.469990842980701
235 0.8320215529326365 4.490002359488357
236 0.8319480749596 4.510010473949881
237 0.8318734217522351 4.530015187460084
238 0.8317978010004184 4.550016501208072
239 0.8317213120673108 4.570014416536617
240 0.8316439471301822 4.590008934936304
241 0.8315656050964918 4.610000058227821
242 0.8314860611389953 4.629987788572356
243 0.831405590051039 4.649972128534872
244 0.8313238959295983 4.669953081185247
245 0.8312415448345496 4.689930650160164
246 0.831157555972439 4.709904839836663
247 0.8310717684430859 4.729875655340029
248 0.8309842750446027 4.749843102643895
249 0.8308949002373107 4.769807188765593
250 0.8308038088767086 4.789767921845478
251 0.8307110011767566 4.809725311284567
252 0.8306163067569798 4.829679367869732
253 0.8305198879408046 4.849630103882365
254 0.8304218689625373 4.869577533232675
255 0.8303219892791425 4.889521671589379
256 0.8302202564186174 4.909462536494772
257 0.8301163887701926 4.929400147486549
258 0.8300102644671274 4.949334526198135
259 0.8299019839430442 4.969265696514889
260 0.8297920331359732 4.989193684671719
261 0.8296803020480257 5.009118519356135
262 0.8295667479371098 5.029040231796133
263 0.8294516705413761 5.048958855832766
264 0.8293348578792169 5.068874427995731
265 0.8292165010894551 5.088786987555268
266 0.8290966078049273 5.108696576574475
267 0.8289752184949128 5.128603239931254
268 0.8288522968189672 5.148507025333934
269 0.8287279989561652 5.16840798332228
270 0.8286023981811497 5.188306167243112
271 0.8284753674195785 5.208201633225366
272 0.8283468743097843 5.228094440123447
273 0.8282171429470732 5.247984649448635
274 0.8280863425967292 5.26787232526313
275 0.8279544108463344 5.287757534080933
276 0.8278214025006976 5.307640344752583
277 0.827687564178671 5.327520828326699
278 0.8275527893587707 5.347399057885688
279 0.8274170857872332 5.367275108361892
280 0.8272803740593059 5.387149056358536
281 0.8271425506238783 5.407020979960427
282 0.8270041459182124 5.426890958514823
283 0.8268651538616582 5.446759072435477
284 0.8267256036078314 5.466625402968883
285 0.8265854776659928 5.486490031957961
286 0.8264448165911722 5.50635304160221
287 0.8263036950484081 5.526214514189988
288 0.8261621235843071 5.546074531855654
289 0.8260201169799772 5.565933176314115
290 0.8258778158169121 5.585790528623878
291 0.8257353499768312 5.60564666891159
292 0.8255925451710509 5.625501676145274
293 0.8254494761082515 5.645355627873508
294 0.825306276138124 5.665208600017647
295 0.8251629443033663 5.685060666656553
296 0.8250195223829274 5.704911899797415
297 0.8248760444767194 5.724762369165234
298 0.8247326372459913 5.74461214200272
299 0.8245893144771687 5.764461282888651
300 0.8244462862797509 5.784309853560556
301 0.8243034774564557 5.804157912763129
302 0.82416093002921 5.824005516095641
303 0.8240184923117109 5.843852715896115
304 0.8238761783358535 5.863699561131901
305 0.8237340880403285 5.883546097319292
306 0.823592260074938 5.903392367186526
307 0.8234506556874069 5.923238415232968
308 0.8233095283461563 5.943084278215432
309 0.8231687313061329 5.96292998703086
310 0.8230283872351027 5.982775567840704
311 0.8228883668036131 6.002621042755941
312 0.822748707448144 6.022466430235046
313 0.822609415103897 6.042311745316662
314 0.8224705357494929 6.062156999768044
315 0.8223321312478381 6.082002202174385
316 0.822194228058591 6.101847358013862
317 0.8220568872178622 6.121692469730626
318 0.8219200134092864 6.141537536811492
319 0.8217836750338614 6.161382555870571
320 0.8216478833050936 6.181227520744728
321 0.8215125651240784 6.201072422614779
322 0.8213777384458933 6.220917250115706
323 0.82124338422705 6.240761989487232
324 0.8211096390848653 6.260606624705694
325 0.8209764125062825 6.280451137643182
326 0.820843794129423 6.300295508227051
327 0.8207118276822525 6.320139714615905
328 0.8205805116551321 6.33998373336368
329 0.8204498350901626 6.359827539583034
330 0.820319757669195 6.379671107120394
331 0.820190267089139 6.399514408720592
332 0.8200613601414248 6.419357416189675
333 0.8199330549639969 6.439200100561847
334 0.819805414466271 6.45904243225542
335 0.8196784798008615 6.478884381233716
336 0.8195522023260079 6.49872591715123
337 0.8194265720478728 6.518567009490019
338 0.8193016267719533 6.53840762769693
339 0.8191773007942499 6.55824774130516
340 0.819053684039582 6.578087320056858
341 0.8189307069445755 6.597926334009291
342 0.8188084762889007 6.617764753635348
343 0.8186868969070669 6.63760254992478
344 0.8185660834373222 6.65743969446272
345 0.818445940786121 6.677276159515907
346 0.8183265209065896 6.697111918086901
347 0.8182078237235093 6.716946943980464
348 0.818089895843348 6.736781211859793
349 0.817972727503429 6.756614697293352
350 0.8178562617692677 6.776447376789635
351 0.8177404939004155 6.796279227826206
352 0.817625416908181 6.816110228873319
353 0.8175110586908684 6.835940359410563
354 0.8173974151737819 6.85576959995069
355 0.8172844896064634 6.875597932035512
356 0.8171722596454499 6.895425338241989
357 0.8170607726405007 6.915251802632442
358 0.8169499817216102 6.935077310249624
359 0.8168397441891723 6.95490184677997
360 0.81673020882656 6.974725398692981
361 0.8166213773305213 6.99454795333661
362 0.816513260796445 7.014369498987085
363 0.8164058503337908 7.034190024865726
364 0.816299142067626 7.054009521133978
365 0.8161931398099519 7.073827978867032
366 0.8160878371680816 7.093645390032455
367 0.8159832368220381 7.113461747460593
368 0.8158793397070266 7.133277044806579
369 0.8157761835000125 7.153091276507394
370 0.815673779067847 7.172904438183158
371 0.8155720239155521 7.192716526343683
372 0.8154709986351083 7.21252753786782
373 0.8153706146450688 7.232337470094349
374 0.8152709138590138 7.252146320847842
375 0.8151719369545605 7.271954088458838
376 0.81507356209953 7.291760771764549
377 0.8149759094350418 7.311566370082278
378 0.8148788861688722 7.331370883197785
379 0.8147825441106487 7.351174311330995
380 0.8146868386015329 7.370976655121447
381 0.8145917842477201 7.390777915590634
382 0.8144973847439001 7.410578094121112
383 0.8144036446820795 7.430377192435654
384 0.8143105457801092 7.450175212573415
385 0.8142180898569439 7.469972156866518
386 0.814126256307351 7.48976802791734
387 0.8140350170366317 7.509562828572826
388 0.8139443946211967 7.529356561910101
389 0.8138543748819338 7.549149231212325
390 0.8137649826192956 7.56894083994885
391 0.8136762202314357 7.588731391774802
392 0.8135880583109283 7.608520890503268
393 0.8135004923453649 7.628309340092682
394 0.8134134992811144 7.64809674463294
395 0.8133270865149312 7.667883108331651
396 0.8132412951095531 7.687668435503967
397 0.8131560795263324 7.707452730561902
398 0.813071454527686 7.727235998005963
399 0.8129873930255973 7.747018242410594
400 0.8129038790294154 7.766799468423543
401 0.8128209065452977 7.786579680751129
402 0.8127384726766376 7.806358884152616
403 0.8126565733832671 7.826137083438198
404 0.8125752090267195 7.845914283458945
405 0.8124943912243836 7.86569048909593
406 0.8124140948072173 7.88546570526988
407 0.8123343160309706 7.905239936926968
408 0.8122550519668771 7.92501318903287
409 0.8121762745522157 7.944785466574271
410 0.8120979785595777 7.964556774556669
411 0.8120201903812365 7.984327117997279
412 0.8119429150307914 8.004096501921628
413 0.8118661668922151 8.023864931368376
414 0.8117899138559326 8.043632411380807
415 0.8117141415787701 8.063398947004375
416 0.8116388503972711 8.083164543285376
417 0.8115640417626833 8.102929205269
418 0.8114897004533522 8.122692938001483
419 0.8114158192556402 8.142455746524291
420 0.8113424116990147 8.162217635869325
421 0.8112694670374838 8.181978611067942
422 0.8111969796797548 8.201738677139502
423 0.8111249274793947 8.221497839100174
424 0.8110533077482479 8.24125610194984
425 0.8109821354512989 8.261013470678209
426 0.8109114006128063 8.280769950267503
427 0.8108410970662133 8.300525545682151
428 0.8107712344140945 8.320280261875117
429 0.8107017924381117 8.340034103787486
430 0.8106327474447428 8.359787076340439
431 0.8105641470567333 8.379539184444523
432 0.8104959165219747 8.399290432994871
433 0.8104281184221285 8.419040826868198
434 0.8103606770522854 8.438790370927903
435 0.8102936518597377 8.458539070018437
436 0.810227015835934 8.478286928968517
437 0.8101607744758134 8.498033952586118
438 0.8100949262246411 8.517780145660707
439 0.8100294880326163 8.537525512962883
440 0.8099644135309788 8.557270059245907
441 0.8098997334634269 8.577013789243226
442 0.8098354274203429 8.596756707672018
443 0.8097714867295058 8.616498819229953
444 0.8097079222217263 8.636240128595334
445 0.8096447246887664 8.655980640430299
446 0.8095818832529071 8.675720359373388
447 0.8095193999274669 8.6954592900424
448 0.8094572701312266 8.71519743704032
449 0.80939549989697 8.734934804947359
450 0.809334082009467 8.754671398323413
451 0.8092730060413578 8.774407221712298
452 0.809212268899123 8.794142279632227
453 0.8091518598092957 8.813876576578142
454 0.809091783772165 8.833610117024826
455 0.8090320484229533 8.853342905424466
456 0.8089726577779836 8.873074946207288
457 0.8089135978151788 8.892806243785028
458 0.8088548510624977 8.912536802551434
459 0.8087964177320234 8.932266626873643
460 0.8087383060551829 8.951995721097221
461 0.8086805041121733 8.971724089545587
462 0.8086230217630761 8.991451736485601
463 0.8085658432506768 9.011178665784831
464 0.808508970854008 9.030904881531555
465 0.8084524016760068 9.05063038793881
466 0.8083961294049296 9.070355189274876
467 0.8083401601635484 9.090079289818348
468 0.808284494622302 9.109802693835151
469 0.8082291162822505 9.129525405566589
470 0.8081740230376198 9.149247429216951
471 0.8081192174124356 9.168968768957292
472 0.8080646992870896 9.188689428921863
473 0.8080104678454356 9.208409413209957
474 0.8079565169779646 9.22812872588805
475 0.8079028489160817 9.247847370992581
476 0.8078494467219904 9.267565352532591
477 0.8077963115090858 9.287282674488161
478 0.8077434590204952 9.306999340813803
479 0.8076908856671345 9.326715355439594
480 0.8076385683988322 9.346430722271448
481 0.8075865219758522 9.366145445191933
482 0.8075347271144908 9.385859528060644
483 0.8074831956699536 9.40557297471304
484 0.8074319266106227 9.425285788962761
485 0.8073809225839945 9.444997974603226
486 0.8073301629558216 9.464709535405593
487 0.8072796509416325 9.484420475119199
488 0.807229386890818 9.504130797471044
489 0.8071793572192075 9.523840506167272
490 0.8071295874587097 9.543549604892558
491 0.8070800511924531 9.563258097311657
492 0.8070307641560666 9.582965987067903
493 0.8069817149809209 9.602673277782698
494 0.8069328959520941 9.62237997305628
495 0.8068843223341018 9.642086076466892
496 0.80683597529035 9.661791591572598
497 0.8067878573771786 9.681496521909478
498 0.806739968261275 9.701200870991689
499 0.8066923080538475 9.720904642312179
500 0.8066448779502833 9.74060783934498
